<?xml version="1.0" encoding="UTF-8"?>
<testng-results skipped="0" failed="0" ignored="0" total="1" passed="1">
  <reporter-output>
  </reporter-output>
  <suite name="Default suite" duration-ms="121736" started-at="2020-04-15T15:13:46 IST" finished-at="2020-04-15T15:15:48 IST">
    <groups>
      <group name="cucumber">
        <method signature="AbstractTestNGCucumberTests.feature(cucumber.api.testng.CucumberFeatureWrapper)[pri:0, instance:com.testrunner.test1@60285225]" name="feature" class="cucumber.api.testng.AbstractTestNGCucumberTests"/>
      </group> <!-- cucumber -->
    </groups>
    <test name="Default test" duration-ms="121736" started-at="2020-04-15T15:13:46 IST" finished-at="2020-04-15T15:15:48 IST">
      <class name="com.testrunner.test1">
        <test-method status="PASS" signature="setUpClass()[pri:0, instance:com.testrunner.test1@60285225]" name="setUpClass" is-config="true" duration-ms="973" started-at="2020-04-15T15:13:46 IST" finished-at="2020-04-15T15:13:47 IST">
          <reporter-output>
          </reporter-output>
        </test-method> <!-- setUpClass -->
        <test-method status="PASS" signature="feature(cucumber.api.testng.CucumberFeatureWrapper)[pri:0, instance:com.testrunner.test1@60285225]" name="feature" duration-ms="117171" started-at="2020-04-15T15:13:47 IST" description="Runs Cucumber Feature" data-provider="features" finished-at="2020-04-15T15:15:45 IST">
          <params>
            <param index="0">
              <value>
                <![CDATA[opencart]]>
              </value>
            </param>
          </params>
          <reporter-output>
          </reporter-output>
        </test-method> <!-- feature -->
        <test-method status="PASS" signature="tearDownClass()[pri:0, instance:com.testrunner.test1@60285225]" name="tearDownClass" is-config="true" duration-ms="3121" started-at="2020-04-15T15:15:45 IST" finished-at="2020-04-15T15:15:48 IST">
          <reporter-output>
          </reporter-output>
        </test-method> <!-- tearDownClass -->
      </class> <!-- com.testrunner.test1 -->
    </test> <!-- Default test -->
  </suite> <!-- Default suite -->
</testng-results>
